<?xml version="1.0" encoding="UTF-8"?>
<testsuite xmlns:xsi="http://www.w3.org/2001/XMLSchema-instance" xsi:noNamespaceSchemaLocation="https://maven.apache.org/surefire/maven-surefire-plugin/xsd/surefire-test-report.xsd" version="3.0.2" name="com.kstlaurent.springtraining.SpringTrainingApplicationTests" time="7.705" tests="1" errors="0" skipped="0" failures="0" flakes="0">
  <properties>
[...]
</properties>
  <testcase name="contextLoads" classname="com.kstlaurent.springtraining.SpringTrainingApplicationTests" time="0.568">
    <system-out><![CDATA[13:25:18.953 [main] INFO org.springframework.test.context.support.AnnotationConfigContextLoaderUtils -- Could not detect default configuration classes for test class [com.kstlaurent.springtraining.SpringTrainingApplicationTests]: SpringTrainingApplicationTests does not declare any static, non-private, non-final, nested classes annotated with @Configuration.
13:25:19.099 [main] INFO org.springframework.boot.test.context.SpringBootTestContextBootstrapper -- Found @SpringBootConfiguration com.kstlaurent.springtraining.SpringTrainingApplication for test class com.kstlaurent.springtraining.SpringTrainingApplicationTests
13:25:19.235 [main] INFO org.springframework.test.context.support.AnnotationConfigContextLoaderUtils -- Could not detect default configuration classes for test class [com.kstlaurent.springtraining.SpringTrainingApplicationTests]: SpringTrainingApplicationTests does not declare any static, non-private, non-final, nested classes annotated with @Configuration.
13:25:19.238 [main] INFO org.springframework.boot.test.context.SpringBootTestContextBootstrapper -- Found @SpringBootConfiguration com.kstlaurent.springtraining.SpringTrainingApplication for test class com.kstlaurent.springtraining.SpringTrainingApplicationTests

  .   ____          _            __ _ _
 /\\ / ___'_ __ _ _(_)_ __  __ _ \ \ \ \
( ( )\___ | '_ | '_| | '_ \/ _` | \ \ \ \
 \\/  ___)| |_)| | | | | || (_| |  ) ) ) )
  '  |____| .__|_| |_|_| |_\__, | / / / /
 =========|_|==============|___/=/_/_/_/

 :: Spring Boot ::                (v4.1.0)

2026-07-01T13:25:19.782-04:00  INFO 18400 --- [           main] c.k.s.SpringTrainingApplicationTests     : Starting SpringTrainingApplicationTests using Java 17.0.10 with PID 18400 (started by katie in /Users/katie/javatraining)
2026-07-01T13:25:19.784-04:00  INFO 18400 --- [           main] c.k.s.SpringTrainingApplicationTests     : The following 1 profile is active: "postgres"
2026-07-01T13:25:20.818-04:00  INFO 18400 --- [           main] .s.d.r.c.RepositoryConfigurationDelegate : Bootstrapping Spring Data JPA repositories in DEFAULT mode.
2026-07-01T13:25:20.904-04:00  INFO 18400 --- [           main] .s.d.r.c.RepositoryConfigurationDelegate : Finished Spring Data repository scanning in 70 ms. Found 2 JPA repository interfaces.
2026-07-01T13:25:21.423-04:00  INFO 18400 --- [           main] org.hibernate.orm.jpa                    : HHH008540: Processing PersistenceUnitInfo [name: default]
2026-07-01T13:25:21.541-04:00  INFO 18400 --- [           main] org.hibernate.orm.core                   : HHH000001: Hibernate ORM core version 7.4.1.Final
2026-07-01T13:25:22.267-04:00  INFO 18400 --- [           main] o.s.o.j.p.SpringPersistenceUnitInfo      : No LoadTimeWeaver setup: ignoring JPA class transformer
2026-07-01T13:25:22.324-04:00  INFO 18400 --- [           main] com.zaxxer.hikari.HikariDataSource       : HikariPool-1 - Starting...
2026-07-01T13:25:22.507-04:00  INFO 18400 --- [           main] com.zaxxer.hikari.pool.HikariPool        : HikariPool-1 - Added connection org.postgresql.jdbc.PgConnection@669580e2
2026-07-01T13:25:22.509-04:00  INFO 18400 --- [           main] com.zaxxer.hikari.HikariDataSource       : HikariPool-1 - Start completed.
2026-07-01T13:25:22.565-04:00  WARN 18400 --- [           main] org.hibernate.orm.deprecation            : HHH90000025: PostgreSQLDialect does not need to be specified explicitly using 'hibernate.dialect' (remove the property setting and it will be selected by default)
2026-07-01T13:25:22.596-04:00  INFO 18400 --- [           main] org.hibernate.orm.connections.pooling    : HHH10001005: Database info:
	Database JDBC URL [jdbc:postgresql://localhost:5432/week3db]
	Database driver: PostgreSQL JDBC Driver
	Database dialect: PostgreSQLDialect
	Database version: 17.10
	Default catalog/schema: week3db/public
	Autocommit mode: undefined/unknown
	Isolation level: READ_COMMITTED [default READ_COMMITTED]
	JDBC fetch size: none
	Pool: DataSourceConnectionProvider
	Minimum pool size: undefined/unknown
	Maximum pool size: undefined/unknown
2026-07-01T13:25:24.070-04:00  INFO 18400 --- [           main] org.hibernate.orm.core                   : HHH000489: No JTA platform available (set 'hibernate.transaction.jta.platform' to enable JTA platform integration)
2026-07-01T13:25:24.177-04:00  INFO 18400 --- [           main] j.LocalContainerEntityManagerFactoryBean : Initialized JPA EntityManagerFactory for persistence unit 'default'
2026-07-01T13:25:24.292-04:00  INFO 18400 --- [           main] o.s.d.j.r.query.QueryEnhancerFactories   : Hibernate is in classpath; If applicable, HQL parser will be used.
2026-07-01T13:25:24.626-04:00  WARN 18400 --- [           main] JpaBaseConfiguration$JpaWebConfiguration : spring.jpa.open-in-view is enabled by default. Therefore, database queries may be performed during view rendering. Explicitly configure spring.jpa.open-in-view to disable this warning
2026-07-01T13:25:25.166-04:00  INFO 18400 --- [           main] c.k.s.SpringTrainingApplicationTests     : Started SpringTrainingApplicationTests in 5.788 seconds (process running for 7.675)
Hibernate: 
    select
        count(*) 
    from
        user_accounts ua1_0
Sample data already present, skipping seed.
]]></system-out>
  </testcase>
</testsuite>